[0707/200225:WARNING:dns_config_service_win.cc(674)] Failed to read DnsConfig.
[0707/203311:WARNING:dns_config_service_win.cc(674)] Failed to read DnsConfig.
[0707/232409:WARNING:dns_config_service_win.cc(674)] Failed to read DnsConfig.
[0707/232412:WARNING:dns_config_service_win.cc(674)] Failed to read DnsConfig.
[0707/232412:WARNING:dns_config_service_win.cc(674)] Failed to read DnsConfig.
[0708/010005:WARNING:dns_config_service_win.cc(674)] Failed to read DnsConfig.
[0708/035036:WARNING:dns_config_service_win.cc(674)] Failed to read DnsConfig.
[0708/035039:WARNING:dns_config_service_win.cc(674)] Failed to read DnsConfig.
[0708/035039:WARNING:dns_config_service_win.cc(674)] Failed to read DnsConfig.
[0708/035039:WARNING:dns_config_service_win.cc(674)] Failed to read DnsConfig.
[0708/035311:WARNING:dns_config_service_win.cc(674)] Failed to read DnsConfig.
[0708/121939:WARNING:dns_config_service_win.cc(674)] Failed to read DnsConfig.
[0708/121941:WARNING:dns_config_service_win.cc(674)] Failed to read DnsConfig.
[0708/123109:WARNING:dns_config_service_win.cc(674)] Failed to read DnsConfig.
[0708/135221:WARNING:dns_config_service_win.cc(674)] Failed to read DnsConfig.
[0708/135224:WARNING:dns_config_service_win.cc(674)] Failed to read DnsConfig.
[0708/135224:WARNING:dns_config_service_win.cc(674)] Failed to read DnsConfig.
[0708/141358:INFO:exception_record.cc(518)] [QB]Process ID: 11420 Type: 2
[0708/145135:INFO:http_cache_transaction.cc(72)] IgnoreZeroCacheError: 0
[0708/145140:WARNING:webmediaplayer_impl.cc(341)] Using MultibufferDataSource
[0708/145140:WARNING:spdy_session.cc(2455)] Received HEADERS for invalid stream 3
[0708/173221:WARNING:dns_config_service_win.cc(674)] Failed to read DnsConfig.
[0708/173420:WARNING:dns_config_service_win.cc(674)] Failed to read DnsConfig.
[0708/173422:WARNING:dns_config_service_win.cc(674)] Failed to read DnsConfig.
[0708/173422:WARNING:dns_config_service_win.cc(674)] Failed to read DnsConfig.
[0708/173635:WARNING:dns_config_service_win.cc(674)] Failed to read DnsConfig.
[0708/174159:WARNING:dns_config_service_win.cc(674)] Failed to read DnsConfig.
[0708/174159:WARNING:dns_config_service_win.cc(674)] Failed to read DnsConfig.
[0708/194412:WARNING:dns_config_service_win.cc(674)] Failed to read DnsConfig.
[0708/202234:WARNING:dns_config_service_win.cc(674)] Failed to read DnsConfig.
[0708/202234:WARNING:dns_config_service_win.cc(674)] Failed to read DnsConfig.
[0708/205342:WARNING:dns_config_service_win.cc(674)] Failed to read DnsConfig.
[0708/224436:WARNING:dns_config_service_win.cc(674)] Failed to read DnsConfig.
[0708/224439:WARNING:dns_config_service_win.cc(674)] Failed to read DnsConfig.
[0708/224439:WARNING:dns_config_service_win.cc(674)] Failed to read DnsConfig.
[0708/235400:WARNING:dns_config_service_win.cc(674)] Failed to read DnsConfig.
[0709/024513:WARNING:dns_config_service_win.cc(674)] Failed to read DnsConfig.
[0709/024516:WARNING:dns_config_service_win.cc(674)] Failed to read DnsConfig.
[0709/024516:WARNING:dns_config_service_win.cc(674)] Failed to read DnsConfig.
[0709/024735:WARNING:dns_config_service_win.cc(674)] Failed to read DnsConfig.
[0709/121939:WARNING:dns_config_service_win.cc(674)] Failed to read DnsConfig.
[0709/121942:WARNING:dns_config_service_win.cc(674)] Failed to read DnsConfig.
[0709/121942:WARNING:dns_config_service_win.cc(674)] Failed to read DnsConfig.
[0709/122209:WARNING:dns_config_service_win.cc(674)] Failed to read DnsConfig.
[0709/142201:WARNING:dns_config_service_win.cc(674)] Failed to read DnsConfig.
[0709/142204:WARNING:dns_config_service_win.cc(674)] Failed to read DnsConfig.
[0709/142204:WARNING:dns_config_service_win.cc(674)] Failed to read DnsConfig.
[0709/192811:WARNING:dns_config_service_win.cc(674)] Failed to read DnsConfig.
[0709/212307:WARNING:dns_config_service_win.cc(674)] Failed to read DnsConfig.
[0710/005507:WARNING:dns_config_service_win.cc(674)] Failed to read DnsConfig.
[0710/024813:WARNING:dns_config_service_win.cc(674)] Failed to read DnsConfig.
[0710/024814:WARNING:dns_config_service_win.cc(674)] Failed to read DnsConfig.
[0710/082535:WARNING:dns_config_service_win.cc(674)] Failed to read DnsConfig.
[0710/122235:WARNING:dns_config_service_win.cc(674)] Failed to read DnsConfig.
[0710/134855:WARNING:dns_config_service_win.cc(674)] Failed to read DnsConfig.
[0710/134858:WARNING:dns_config_service_win.cc(674)] Failed to read DnsConfig.
[0710/134858:WARNING:dns_config_service_win.cc(674)] Failed to read DnsConfig.
[0710/134858:WARNING:dns_config_service_win.cc(674)] Failed to read DnsConfig.
[0710/203429:WARNING:dns_config_service_win.cc(674)] Failed to read DnsConfig.
[0710/211905:WARNING:dns_config_service_win.cc(674)] Failed to read DnsConfig.
[0710/212907:WARNING:dns_config_service_win.cc(674)] Failed to read DnsConfig.
[0710/212910:WARNING:dns_config_service_win.cc(674)] Failed to read DnsConfig.
[0710/212910:WARNING:dns_config_service_win.cc(674)] Failed to read DnsConfig.
[0710/231123:WARNING:dns_config_service_win.cc(674)] Failed to read DnsConfig.
[0710/231211:WARNING:dns_config_service_win.cc(674)] Failed to read DnsConfig.
[0710/231213:WARNING:dns_config_service_win.cc(674)] Failed to read DnsConfig.
[0710/231213:WARNING:dns_config_service_win.cc(674)] Failed to read DnsConfig.
[0710/231213:WARNING:dns_config_service_win.cc(674)] Failed to read DnsConfig.
[0710/234223:WARNING:dns_config_service_win.cc(674)] Failed to read DnsConfig.
[0711/023257:WARNING:dns_config_service_win.cc(674)] Failed to read DnsConfig.
[0711/023300:WARNING:dns_config_service_win.cc(674)] Failed to read DnsConfig.
[0711/023527:WARNING:dns_config_service_win.cc(674)] Failed to read DnsConfig.
[0711/121940:WARNING:dns_config_service_win.cc(674)] Failed to read DnsConfig.
[0711/144048:WARNING:dns_config_service_win.cc(674)] Failed to read DnsConfig.
[0711/150552:WARNING:dns_config_service_win.cc(674)] Failed to read DnsConfig.
[0711/164259:WARNING:spdy_session.cc(2455)] Received HEADERS for invalid stream 7
[0711/172553:WARNING:dns_config_service_win.cc(674)] Failed to read DnsConfig.
[0711/185559:WARNING:dns_config_service_win.cc(674)] Failed to read DnsConfig.
[0716/113907:INFO:exception_record.cc(518)] [QB]Process ID: 17780 Type: 2
