[0629/205334:WARNING:dns_config_service_win.cc(674)] Failed to read DnsConfig.
[0629/210417:WARNING:dns_config_service_win.cc(674)] Failed to read DnsConfig.
[0629/210418:WARNING:dns_config_service_win.cc(674)] Failed to read DnsConfig.
[0629/232854:WARNING:dns_config_service_win.cc(674)] Failed to read DnsConfig.
[0630/022339:WARNING:dns_config_service_win.cc(674)] Failed to read DnsConfig.
[0630/022342:WARNING:dns_config_service_win.cc(674)] Failed to read DnsConfig.
[0630/022620:WARNING:dns_config_service_win.cc(674)] Failed to read DnsConfig.
[0630/121940:WARNING:dns_config_service_win.cc(674)] Failed to read DnsConfig.
[0630/121942:WARNING:dns_config_service_win.cc(674)] Failed to read DnsConfig.
[0630/122240:WARNING:dns_config_service_win.cc(674)] Failed to read DnsConfig.
[0701/043952:WARNING:dns_config_service_win.cc(674)] Failed to read DnsConfig.
[0701/121940:WARNING:dns_config_service_win.cc(674)] Failed to read DnsConfig.
[0701/122238:WARNING:dns_config_service_win.cc(674)] Failed to read DnsConfig.
[0701/134134:WARNING:dns_config_service_win.cc(674)] Failed to read DnsConfig.
[0701/161922:INFO:http_cache_transaction.cc(72)] IgnoreZeroCacheError: 0
[0701/165518:WARNING:dns_config_service_win.cc(674)] Failed to read DnsConfig.
[0701/183209:WARNING:dns_config_service_win.cc(674)] Failed to read DnsConfig.
[0701/183210:WARNING:dns_config_service_win.cc(674)] Failed to read DnsConfig.
[0701/191922:WARNING:dns_config_service_win.cc(674)] Failed to read DnsConfig.
[0701/200612:WARNING:dns_config_service_win.cc(674)] Failed to read DnsConfig.
[0701/200614:WARNING:dns_config_service_win.cc(674)] Failed to read DnsConfig.
[0701/200614:WARNING:dns_config_service_win.cc(674)] Failed to read DnsConfig.
[0701/210912:WARNING:dns_config_service_win.cc(674)] Failed to read DnsConfig.
[0702/011316:WARNING:dns_config_service_win.cc(674)] Failed to read DnsConfig.
[0702/011319:WARNING:dns_config_service_win.cc(674)] Failed to read DnsConfig.
[0702/011319:WARNING:dns_config_service_win.cc(674)] Failed to read DnsConfig.
[0702/011646:WARNING:dns_config_service_win.cc(674)] Failed to read DnsConfig.
[0702/111238:WARNING:dns_config_service_win.cc(674)] Failed to read DnsConfig.
[0702/131912:WARNING:dns_config_service_win.cc(674)] Failed to read DnsConfig.
[0702/150407:WARNING:dns_config_service_win.cc(674)] Failed to read DnsConfig.
[0702/211359:WARNING:dns_config_service_win.cc(674)] Failed to read DnsConfig.
[0702/230140:WARNING:dns_config_service_win.cc(674)] Failed to read DnsConfig.
[0703/002529:WARNING:dns_config_service_win.cc(674)] Failed to read DnsConfig.
[0703/041049:WARNING:dns_config_service_win.cc(674)] Failed to read DnsConfig.
[0703/041051:WARNING:dns_config_service_win.cc(674)] Failed to read DnsConfig.
[0703/041052:WARNING:dns_config_service_win.cc(674)] Failed to read DnsConfig.
[0703/041334:WARNING:dns_config_service_win.cc(674)] Failed to read DnsConfig.
[0703/121939:WARNING:dns_config_service_win.cc(674)] Failed to read DnsConfig.
[0703/121941:WARNING:dns_config_service_win.cc(674)] Failed to read DnsConfig.
[0703/121941:WARNING:dns_config_service_win.cc(674)] Failed to read DnsConfig.
[0703/122209:WARNING:dns_config_service_win.cc(674)] Failed to read DnsConfig.
[0703/142850:WARNING:dns_config_service_win.cc(674)] Failed to read DnsConfig.
[0703/142853:WARNING:dns_config_service_win.cc(674)] Failed to read DnsConfig.
[0703/142853:WARNING:dns_config_service_win.cc(674)] Failed to read DnsConfig.
[0703/165407:WARNING:spdy_session.cc(2455)] Received HEADERS for invalid stream 1
[0703/165407:WARNING:spdy_session.cc(2455)] Received HEADERS for invalid stream 7
[0703/165408:WARNING:spdy_session.cc(2455)] Received HEADERS for invalid stream 5
[0703/165408:WARNING:spdy_session.cc(2455)] Received HEADERS for invalid stream 3
[0703/165408:WARNING:spdy_session.cc(2455)] Received HEADERS for invalid stream 9
[0703/165408:WARNING:spdy_session.cc(2455)] Received HEADERS for invalid stream 11
[0703/205551:WARNING:dns_config_service_win.cc(674)] Failed to read DnsConfig.
[0703/205721:WARNING:dns_config_service_win.cc(674)] Failed to read DnsConfig.
[0703/215820:WARNING:dns_config_service_win.cc(674)] Failed to read DnsConfig.
[0704/013839:WARNING:dns_config_service_win.cc(674)] Failed to read DnsConfig.
[0704/013842:WARNING:dns_config_service_win.cc(674)] Failed to read DnsConfig.
[0704/013842:WARNING:dns_config_service_win.cc(674)] Failed to read DnsConfig.
[0704/040008:WARNING:dns_config_service_win.cc(674)] Failed to read DnsConfig.
[0704/121939:WARNING:dns_config_service_win.cc(674)] Failed to read DnsConfig.
[0704/122239:WARNING:dns_config_service_win.cc(674)] Failed to read DnsConfig.
[0704/131302:WARNING:dns_config_service_win.cc(674)] Failed to read DnsConfig.
[0704/185225:WARNING:dns_config_service_win.cc(674)] Failed to read DnsConfig.
[0704/230018:WARNING:dns_config_service_win.cc(674)] Failed to read DnsConfig.
[0705/042222:WARNING:dns_config_service_win.cc(674)] Failed to read DnsConfig.
[0705/042514:WARNING:dns_config_service_win.cc(674)] Failed to read DnsConfig.
[0705/121943:WARNING:dns_config_service_win.cc(674)] Failed to read DnsConfig.
[0705/121943:WARNING:dns_config_service_win.cc(674)] Failed to read DnsConfig.
[0705/121943:WARNING:dns_config_service_win.cc(674)] Failed to read DnsConfig.
[0705/122240:WARNING:dns_config_service_win.cc(674)] Failed to read DnsConfig.
[0705/143754:WARNING:dns_config_service_win.cc(674)] Failed to read DnsConfig.
[0705/143757:WARNING:dns_config_service_win.cc(674)] Failed to read DnsConfig.
[0705/143757:WARNING:dns_config_service_win.cc(674)] Failed to read DnsConfig.
[0705/143757:WARNING:dns_config_service_win.cc(674)] Failed to read DnsConfig.
[0705/192306:WARNING:dns_config_service_win.cc(674)] Failed to read DnsConfig.
[0705/212809:WARNING:dns_config_service_win.cc(674)] Failed to read DnsConfig.
[0705/212812:WARNING:dns_config_service_win.cc(674)] Failed to read DnsConfig.
[0705/212812:WARNING:dns_config_service_win.cc(674)] Failed to read DnsConfig.
[0705/232009:WARNING:dns_config_service_win.cc(674)] Failed to read DnsConfig.
[0706/020402:WARNING:dns_config_service_win.cc(674)] Failed to read DnsConfig.
[0717/234018:WARNING:dns_config_service_win.cc(674)] Failed to read DnsConfig.
[0718/014247:WARNING:dns_config_service_win.cc(674)] Failed to read DnsConfig.
[0718/031213:WARNING:dns_config_service_win.cc(674)] Failed to read DnsConfig.
[0718/031215:WARNING:dns_config_service_win.cc(674)] Failed to read DnsConfig.
[0718/031215:WARNING:dns_config_service_win.cc(674)] Failed to read DnsConfig.
[0718/034112:WARNING:dns_config_service_win.cc(674)] Failed to read DnsConfig.
[0718/121939:WARNING:dns_config_service_win.cc(674)] Failed to read DnsConfig.
[0718/121941:WARNING:dns_config_service_win.cc(674)] Failed to read DnsConfig.
[0718/125009:WARNING:dns_config_service_win.cc(674)] Failed to read DnsConfig.
[0718/133103:WARNING:dns_config_service_win.cc(674)] Failed to read DnsConfig.
[0718/133105:WARNING:dns_config_service_win.cc(674)] Failed to read DnsConfig.
[0718/133106:WARNING:dns_config_service_win.cc(674)] Failed to read DnsConfig.
[0718/133521:WARNING:dns_config_service_win.cc(674)] Failed to read DnsConfig.
[0718/155351:WARNING:dns_config_service_win.cc(674)] Failed to read DnsConfig.
[0718/155353:WARNING:dns_config_service_win.cc(674)] Failed to read DnsConfig.
[0718/155354:WARNING:dns_config_service_win.cc(674)] Failed to read DnsConfig.
[0718/162116:WARNING:dns_config_service_win.cc(674)] Failed to read DnsConfig.
[0718/162426:WARNING:dns_config_service_win.cc(674)] Failed to read DnsConfig.
[0718/201523:WARNING:dns_config_service_win.cc(674)] Failed to read DnsConfig.
[0718/203011:WARNING:dns_config_service_win.cc(674)] Failed to read DnsConfig.
[0718/235501:WARNING:dns_config_service_win.cc(674)] Failed to read DnsConfig.
[0718/235504:WARNING:dns_config_service_win.cc(674)] Failed to read DnsConfig.
[0718/235504:WARNING:dns_config_service_win.cc(674)] Failed to read DnsConfig.
[0719/005109:WARNING:dns_config_service_win.cc(674)] Failed to read DnsConfig.
[0719/011754:WARNING:dns_config_service_win.cc(674)] Failed to read DnsConfig.
[0719/011755:WARNING:dns_config_service_win.cc(674)] Failed to read DnsConfig.
[0719/012012:WARNING:dns_config_service_win.cc(674)] Failed to read DnsConfig.
[0719/121939:WARNING:dns_config_service_win.cc(674)] Failed to read DnsConfig.
[0719/121941:WARNING:dns_config_service_win.cc(674)] Failed to read DnsConfig.
[0719/123411:WARNING:dns_config_service_win.cc(674)] Failed to read DnsConfig.
[0719/125259:WARNING:dns_config_service_win.cc(674)] Failed to read DnsConfig.
[0719/152142:INFO:http_cache_transaction.cc(72)] IgnoreZeroCacheError: 0
[0719/212343:WARNING:dns_config_service_win.cc(674)] Failed to read DnsConfig.
[0720/022206:WARNING:dns_config_service_win.cc(674)] Failed to read DnsConfig.
[0720/110258:WARNING:dns_config_service_win.cc(674)] Failed to read DnsConfig.
[0720/110301:WARNING:dns_config_service_win.cc(674)] Failed to read DnsConfig.
[0720/110301:WARNING:dns_config_service_win.cc(674)] Failed to read DnsConfig.
[0720/111400:WARNING:dns_config_service_win.cc(674)] Failed to read DnsConfig.
[0720/121939:WARNING:dns_config_service_win.cc(674)] Failed to read DnsConfig.
[0720/121941:WARNING:dns_config_service_win.cc(674)] Failed to read DnsConfig.
[0720/121941:WARNING:dns_config_service_win.cc(674)] Failed to read DnsConfig.
[0720/121942:WARNING:dns_config_service_win.cc(674)] Failed to read DnsConfig.
[0720/121942:WARNING:dns_config_service_win.cc(674)] Failed to read DnsConfig.
[0720/121942:WARNING:dns_config_service_win.cc(674)] Failed to read DnsConfig.
[0720/121942:WARNING:dns_config_service_win.cc(674)] Failed to read DnsConfig.
[0720/122236:WARNING:dns_config_service_win.cc(674)] Failed to read DnsConfig.
[0721/011100:WARNING:dns_config_service_win.cc(674)] Failed to read DnsConfig.
[0721/011102:WARNING:dns_config_service_win.cc(674)] Failed to read DnsConfig.
[0721/011102:WARNING:dns_config_service_win.cc(674)] Failed to read DnsConfig.
[0721/014203:WARNING:dns_config_service_win.cc(674)] Failed to read DnsConfig.
[0721/121939:WARNING:dns_config_service_win.cc(674)] Failed to read DnsConfig.
[0721/121941:WARNING:dns_config_service_win.cc(674)] Failed to read DnsConfig.
[0721/121941:WARNING:dns_config_service_win.cc(674)] Failed to read DnsConfig.
[0721/122236:WARNING:dns_config_service_win.cc(674)] Failed to read DnsConfig.
[0721/133648:WARNING:dns_config_service_win.cc(674)] Failed to read DnsConfig.
[0721/140934:WARNING:dns_config_service_win.cc(674)] Failed to read DnsConfig.
[0721/155131:WARNING:dns_config_service_win.cc(674)] Failed to read DnsConfig.
[0721/155133:WARNING:dns_config_service_win.cc(674)] Failed to read DnsConfig.
[0721/155133:WARNING:dns_config_service_win.cc(674)] Failed to read DnsConfig.
[0721/235437:WARNING:dns_config_service_win.cc(674)] Failed to read DnsConfig.
[0722/033545:WARNING:dns_config_service_win.cc(674)] Failed to read DnsConfig.
[0722/033547:WARNING:dns_config_service_win.cc(674)] Failed to read DnsConfig.
[0722/033548:WARNING:dns_config_service_win.cc(674)] Failed to read DnsConfig.
[0722/035959:WARNING:dns_config_service_win.cc(674)] Failed to read DnsConfig.
[0722/104840:WARNING:dns_config_service_win.cc(674)] Failed to read DnsConfig.
[0722/105807:WARNING:dns_config_service_win.cc(674)] Failed to read DnsConfig.
[0722/112938:WARNING:dns_config_service_win.cc(674)] Failed to read DnsConfig.
[0722/112940:WARNING:dns_config_service_win.cc(674)] Failed to read DnsConfig.
[0722/115611:WARNING:dns_config_service_win.cc(674)] Failed to read DnsConfig.
[0722/121940:WARNING:dns_config_service_win.cc(674)] Failed to read DnsConfig.
[0722/121942:WARNING:dns_config_service_win.cc(674)] Failed to read DnsConfig.
[0722/121942:WARNING:dns_config_service_win.cc(674)] Failed to read DnsConfig.
[0722/121942:WARNING:dns_config_service_win.cc(674)] Failed to read DnsConfig.
[0722/122432:WARNING:dns_config_service_win.cc(674)] Failed to read DnsConfig.
[0722/124527:WARNING:dns_config_service_win.cc(674)] Failed to read DnsConfig.
[0722/124529:WARNING:dns_config_service_win.cc(674)] Failed to read DnsConfig.
[0722/124529:WARNING:dns_config_service_win.cc(674)] Failed to read DnsConfig.
[0722/124807:WARNING:dns_config_service_win.cc(674)] Failed to read DnsConfig.
[0722/135845:WARNING:dns_config_service_win.cc(674)] Failed to read DnsConfig.
[0722/135847:WARNING:dns_config_service_win.cc(674)] Failed to read DnsConfig.
[0722/135847:WARNING:dns_config_service_win.cc(674)] Failed to read DnsConfig.
[0723/000430:WARNING:dns_config_service_win.cc(674)] Failed to read DnsConfig.
[0723/015708:WARNING:dns_config_service_win.cc(674)] Failed to read DnsConfig.
[0723/015710:WARNING:dns_config_service_win.cc(674)] Failed to read DnsConfig.
[0723/015914:WARNING:dns_config_service_win.cc(674)] Failed to read DnsConfig.
[0723/121939:WARNING:dns_config_service_win.cc(674)] Failed to read DnsConfig.
[0723/121941:WARNING:dns_config_service_win.cc(674)] Failed to read DnsConfig.
[0723/121941:WARNING:dns_config_service_win.cc(674)] Failed to read DnsConfig.
[0723/121941:WARNING:dns_config_service_win.cc(674)] Failed to read DnsConfig.
[0723/131016:WARNING:dns_config_service_win.cc(674)] Failed to read DnsConfig.
[0723/145945:WARNING:dns_config_service_win.cc(674)] Failed to read DnsConfig.
[0723/145947:WARNING:dns_config_service_win.cc(674)] Failed to read DnsConfig.
[0723/154040:WARNING:dns_config_service_win.cc(674)] Failed to read DnsConfig.
[0723/155750:WARNING:dns_config_service_win.cc(674)] Failed to read DnsConfig.
[0723/155753:WARNING:dns_config_service_win.cc(674)] Failed to read DnsConfig.
[0723/155753:WARNING:dns_config_service_win.cc(674)] Failed to read DnsConfig.
[0723/225732:WARNING:dns_config_service_win.cc(674)] Failed to read DnsConfig.
[0723/233149:WARNING:dns_config_service_win.cc(674)] Failed to read DnsConfig.
[0724/000710:WARNING:dns_config_service_win.cc(674)] Failed to read DnsConfig.
[0724/000713:WARNING:dns_config_service_win.cc(674)] Failed to read DnsConfig.
[0724/003731:WARNING:dns_config_service_win.cc(674)] Failed to read DnsConfig.
[0724/012206:WARNING:dns_config_service_win.cc(674)] Failed to read DnsConfig.
[0724/012209:WARNING:dns_config_service_win.cc(674)] Failed to read DnsConfig.
[0724/012436:WARNING:dns_config_service_win.cc(674)] Failed to read DnsConfig.
[0724/121940:WARNING:dns_config_service_win.cc(674)] Failed to read DnsConfig.
[0724/121943:WARNING:dns_config_service_win.cc(674)] Failed to read DnsConfig.
[0724/122210:WARNING:dns_config_service_win.cc(674)] Failed to read DnsConfig.
[0724/143233:WARNING:dns_config_service_win.cc(674)] Failed to read DnsConfig.
[0724/143236:WARNING:dns_config_service_win.cc(674)] Failed to read DnsConfig.
[0724/143236:WARNING:dns_config_service_win.cc(674)] Failed to read DnsConfig.
[0724/143236:WARNING:dns_config_service_win.cc(674)] Failed to read DnsConfig.
[0725/005125:WARNING:dns_config_service_win.cc(674)] Failed to read DnsConfig.
[0725/035325:WARNING:dns_config_service_win.cc(674)] Failed to read DnsConfig.
[0725/035544:WARNING:dns_config_service_win.cc(674)] Failed to read DnsConfig.
[0725/121939:WARNING:dns_config_service_win.cc(674)] Failed to read DnsConfig.
[0725/121941:WARNING:dns_config_service_win.cc(674)] Failed to read DnsConfig.
[0725/121941:WARNING:dns_config_service_win.cc(674)] Failed to read DnsConfig.
[0725/121941:WARNING:dns_config_service_win.cc(674)] Failed to read DnsConfig.
[0725/122310:WARNING:dns_config_service_win.cc(674)] Failed to read DnsConfig.
[0725/204202:WARNING:dns_config_service_win.cc(674)] Failed to read DnsConfig.
[0725/204205:WARNING:dns_config_service_win.cc(674)] Failed to read DnsConfig.
[0726/033013:WARNING:dns_config_service_win.cc(674)] Failed to read DnsConfig.
[0726/121940:WARNING:dns_config_service_win.cc(674)] Failed to read DnsConfig.
[0726/121941:WARNING:dns_config_service_win.cc(674)] Failed to read DnsConfig.
[0726/122309:WARNING:dns_config_service_win.cc(674)] Failed to read DnsConfig.
[0726/124813:WARNING:dns_config_service_win.cc(674)] Failed to read DnsConfig.
[0726/124815:WARNING:dns_config_service_win.cc(674)] Failed to read DnsConfig.
[0726/134650:INFO:exception_record.cc(518)] [QB]Process ID: 15488 Type: 2
[0726/181200:WARNING:dns_config_service_win.cc(674)] Failed to read DnsConfig.
[0726/191115:WARNING:dns_config_service_win.cc(674)] Failed to read DnsConfig.
[0726/234119:WARNING:dns_config_service_win.cc(674)] Failed to read DnsConfig.
[0727/031948:WARNING:dns_config_service_win.cc(674)] Failed to read DnsConfig.
[0727/110541:WARNING:dns_config_service_win.cc(674)] Failed to read DnsConfig.
[0727/121847:FATAL:memory.cc(19)] Out of memory. size=4194304
Backtrace:
	CLInfo [0x598963B7+224727]
	cef_time_to_timet [0x5985E4C1+635473]
	TerminateProcessWithoutDump [0x5B5B6261+9117713]
	GetHandleVerifier [0x5ABE428D+20217869]
	GetHandleVerifier [0x5ABE3F27+20216999]
	TerminateProcessWithoutDump [0x5B856A3A+11872234]
	TerminateProcessWithoutDump [0x5B85567B+11867179]
	TerminateProcessWithoutDump [0x5B8553E8+11866520]
	TerminateProcessWithoutDump [0x5B85768F+11875391]
	GetHandleVerifier [0x5AB8D8B4+19863092]
	GetHandleVerifier [0x5AB8D79E+19862814]
	GetHandleVerifier [0x5AB8D7CF+19862863]
	CLInfo [0x598717E2+74242]
	BaseThreadInitThunk [0x747C8494+36]
	RtlAreBitsSet [0x779D41C8+136]
	RtlAreBitsSet [0x779D4198+88]
	(No symbol) [0x00000000]

[0727/134115:INFO:exception_record.cc(518)] [QB]Process ID: 11232 Type: 2
[0727/140542:ERROR:tcp_socket_win.cc(806)] connect failed: 10055
[0727/140542:WARNING:net_errors_win.cc(119)] Unknown error 10055 mapped to net::ERR_FAILED
